Crashlog created at 2013-08-28 14:32:21 +0700

===== MESSAGE:

Haml::SyntaxError: Illegal nesting: nesting within plain text is illegal.

===== COMPILATION STACK:

  (empty)

===== STACK TRACE:

  0. item / (rep default):50
  1. /home/nguyenbinh/.gem/ruby/2.0.0/gems/haml-4.0.3/lib/haml/parser.rb:256:in `plain'
  2. /home/nguyenbinh/.gem/ruby/2.0.0/gems/haml-4.0.3/lib/haml/parser.rb:236:in `process_line'
  3. /home/nguyenbinh/.gem/ruby/2.0.0/gems/haml-4.0.3/lib/haml/parser.rb:122:in `parse'
  4. /home/nguyenbinh/.gem/ruby/2.0.0/gems/haml-4.0.3/lib/haml/engine.rb:66:in `initialize'
  5. /home/nguyenbinh/.gem/ruby/2.0.0/gems/nanoc-3.6.4/lib/nanoc/filters/haml.rb:23:in `new'
  6. /home/nguyenbinh/.gem/ruby/2.0.0/gems/nanoc-3.6.4/lib/nanoc/filters/haml.rb:23:in `run'
  7. /home/nguyenbinh/.gem/ruby/2.0.0/gems/nanoc-3.6.4/lib/nanoc/base/compilation/filter.rb:122:in `setup_and_run'
  8. /home/nguyenbinh/.gem/ruby/2.0.0/gems/nanoc-3.6.4/lib/nanoc/base/result_data/item_rep.rb:344:in `filter'
  9. /home/nguyenbinh/.gem/ruby/2.0.0/gems/nanoc-3.6.4/lib/nanoc/base/compilation/item_rep_proxy.rb:47:in `filter'
  10. /home/nguyenbinh/.gem/ruby/2.0.0/gems/nanoc-3.6.4/lib/nanoc/base/compilation/rule_context.rb:55:in `filter'
  11. ./Rules:30:in `block in load'
  12. /home/nguyenbinh/.gem/ruby/2.0.0/gems/nanoc-3.6.4/lib/nanoc/base/compilation/rule.rb:68:in `instance_eval'
  13. /home/nguyenbinh/.gem/ruby/2.0.0/gems/nanoc-3.6.4/lib/nanoc/base/compilation/rule.rb:68:in `apply_to'
  14. /home/nguyenbinh/.gem/ruby/2.0.0/gems/nanoc-3.6.4/lib/nanoc/base/compilation/compiler.rb:384:in `compile_rep'
  15. /home/nguyenbinh/.gem/ruby/2.0.0/gems/nanoc-3.6.4/lib/nanoc/base/compilation/compiler.rb:340:in `block in compile_reps'
  16. /home/nguyenbinh/.gem/ruby/2.0.0/gems/nanoc-3.6.4/lib/nanoc/base/compilation/compiler.rb:333:in `loop'
  17. /home/nguyenbinh/.gem/ruby/2.0.0/gems/nanoc-3.6.4/lib/nanoc/base/compilation/compiler.rb:333:in `compile_reps'
  18. /home/nguyenbinh/.gem/ruby/2.0.0/gems/nanoc-3.6.4/lib/nanoc/base/compilation/compiler.rb:89:in `run'
  19. /home/nguyenbinh/.gem/ruby/2.0.0/gems/nanoc-3.6.4/lib/nanoc/base/source_data/site.rb:58:in `compile'
  20. /home/nguyenbinh/.gem/ruby/2.0.0/gems/guard-nanoc-1.0.1/lib/guard/nanoc.rb:65:in `block in recompile'
  21. /home/nguyenbinh/.gem/ruby/2.0.0/gems/guard-nanoc-1.0.1/lib/guard/nanoc.rb:63:in `chdir'
  22. /home/nguyenbinh/.gem/ruby/2.0.0/gems/guard-nanoc-1.0.1/lib/guard/nanoc.rb:63:in `recompile'
  23. /home/nguyenbinh/.gem/ruby/2.0.0/gems/guard-nanoc-1.0.1/lib/guard/nanoc.rb:28:in `run_on_changes'
  24. /home/nguyenbinh/.gem/ruby/2.0.0/gems/guard-1.8.2/lib/guard/runner.rb:99:in `block in run_supervised_task'
  25. /home/nguyenbinh/.gem/ruby/2.0.0/gems/guard-1.8.2/lib/guard/runner.rb:97:in `catch'
  26. /home/nguyenbinh/.gem/ruby/2.0.0/gems/guard-1.8.2/lib/guard/runner.rb:97:in `run_supervised_task'
  27. /home/nguyenbinh/.gem/ruby/2.0.0/gems/guard-1.8.2/lib/guard/runner.rb:144:in `block in run_first_task_found'
  28. /home/nguyenbinh/.gem/ruby/2.0.0/gems/guard-1.8.2/lib/guard/runner.rb:142:in `each'
  29. /home/nguyenbinh/.gem/ruby/2.0.0/gems/guard-1.8.2/lib/guard/runner.rb:142:in `run_first_task_found'
  30. /home/nguyenbinh/.gem/ruby/2.0.0/gems/guard-1.8.2/lib/guard/runner.rb:79:in `block in run_on_changes'
  31. /home/nguyenbinh/.gem/ruby/2.0.0/gems/guard-1.8.2/lib/guard/runner.rb:175:in `block (3 levels) in scoped_guards'
  32. /home/nguyenbinh/.gem/ruby/2.0.0/gems/guard-1.8.2/lib/guard/runner.rb:173:in `each'
  33. /home/nguyenbinh/.gem/ruby/2.0.0/gems/guard-1.8.2/lib/guard/runner.rb:173:in `block (2 levels) in scoped_guards'
  34. /home/nguyenbinh/.gem/ruby/2.0.0/gems/guard-1.8.2/lib/guard/runner.rb:172:in `catch'
  35. /home/nguyenbinh/.gem/ruby/2.0.0/gems/guard-1.8.2/lib/guard/runner.rb:172:in `block in scoped_guards'
  36. /home/nguyenbinh/.gem/ruby/2.0.0/gems/guard-1.8.2/lib/guard/runner.rb:170:in `each'
  37. /home/nguyenbinh/.gem/ruby/2.0.0/gems/guard-1.8.2/lib/guard/runner.rb:170:in `scoped_guards'
  38. /home/nguyenbinh/.gem/ruby/2.0.0/gems/guard-1.8.2/lib/guard/runner.rb:72:in `run_on_changes'
  39. /home/nguyenbinh/.gem/ruby/2.0.0/gems/guard-1.8.2/lib/guard.rb:123:in `block (2 levels) in setup_listener'
  40. /home/nguyenbinh/.gem/ruby/2.0.0/gems/guard-1.8.2/lib/guard.rb:387:in `block in within_preserved_state'
  41. /home/nguyenbinh/.gem/ruby/2.0.0/gems/guard-1.8.2/lib/guard.rb:384:in `synchronize'
  42. /home/nguyenbinh/.gem/ruby/2.0.0/gems/guard-1.8.2/lib/guard.rb:384:in `within_preserved_state'
  43. /home/nguyenbinh/.gem/ruby/2.0.0/gems/guard-1.8.2/lib/guard.rb:122:in `block in setup_listener'
  44. /home/nguyenbinh/.gem/ruby/2.0.0/gems/listen-1.2.3/lib/listen/listener.rb:252:in `call'
  45. /home/nguyenbinh/.gem/ruby/2.0.0/gems/listen-1.2.3/lib/listen/listener.rb:252:in `on_change'
  46. /home/nguyenbinh/.gem/ruby/2.0.0/gems/listen-1.2.3/lib/listen/listener.rb:289:in `block in initialize_adapter'
  47. /home/nguyenbinh/.gem/ruby/2.0.0/gems/listen-1.2.3/lib/listen/adapter.rb:252:in `call'
  48. /home/nguyenbinh/.gem/ruby/2.0.0/gems/listen-1.2.3/lib/listen/adapter.rb:252:in `report_changes'
  49. /home/nguyenbinh/.gem/ruby/2.0.0/gems/listen-1.2.3/lib/listen/adapter.rb:321:in `poll_changed_directories'
  ... 52 more lines omitted. See full crash log for details.

===== VERSION INFORMATION:

nanoc 3.6.4 © 2007-2013 Denis Defreyne.
Running ruby 2.0.0 (2013-06-27) on x86_64-linux with RubyGems 2.0.3.

===== SYSTEM INFORMATION:

Linux CIA 3.10.9-1-ARCH #1 SMP PREEMPT Wed Aug 21 13:49:35 CEST 2013 x86_64 GNU/Linux

===== INSTALLED GEMS:

  RedCloth 4.2.9
  adsf 1.1.1
  bigdecimal 1.2.0
  bundle 0.0.1
  bundler 1.3.5
  chunky_png 1.2.5
  classifier 1.3.3
  coderay 1.0.9
  colored 1.2
  compass 0.12.2
  cri 2.3.0
  directory_watcher 1.4.1
  fast-stemmer 1.0.1
  ffi 1.9.0
  formatador 0.2.4
  fssm 0.2.9
  guard 1.8.2
  guard-nanoc 1.0.1
  haml 3.1.7, 4.0.3
  io-console 0.4.2
  jekyll 0.12.0
  json 1.7.7
  kramdown 0.13.8, 1.1.0
  liquid 2.3.0
  listen 1.2.3
  lumberjack 1.0.4
  maruku 0.6.1
  method_source 0.8.2
  minitest 4.3.2
  nanoc 3.6.4
  posix-spawn 0.3.6
  pry 0.9.12.2
  psych 2.0.0
  pygments.rb 0.3.4
  rack 1.5.2
  rack-protection 1.5.0
  rake 0.9.2.2, 0.9.6
  rb-fsevent 0.9.1, 0.9.3
  rb-inotify 0.9.1
  rb-kqueue 0.2.0
  rdiscount 2.0.7.3
  rdoc 4.0.0
  rubypants 0.2.0
  sass 3.2.9
  sass-globbing 1.0.0
  sinatra 1.4.2
  slop 3.4.6
  stringex 1.4.0
  syntax 1.0.0
  test-unit 2.0.0.0
  thor 0.18.1
  tilt 1.3.7
  yajl-ruby 1.1.0

===== ENVIRONMENT:

COLORTERM => "xfce4-terminal"
COLUMNS => "68"
DBUS_SESSION_BUS_ADDRESS => "unix:abstract=/tmp/dbus-5KDZa7Cc6c,guid=8f21748d2e51f89a2b659a65521d8aff"
DESKTOP_SESSION => "xfce"
DISPLAY => ":0.0"
GLADE_CATALOG_PATH => ":"
GLADE_MODULE_PATH => ":"
GLADE_PIXMAP_PATH => ":"
GPG_AGENT_INFO => "/tmp/gpg-OF0pUP/S.gpg-agent:418:1"
GTK_MODULES => "canberra-gtk-module"
GUARD_NOTIFICATIONS => "---\n- :name: :notifysend\n  :options: {}\n- :name: :tmux\n  :options: {}\n- :name: :terminal_title\n  :options: {}\n"
GUARD_NOTIFY => "true"
HISTCONTROL => "ignoreboth"
HOME => "/home/nguyenbinh"
LANG => "en_US.utf8"
LC_COLLATE => "C"
LINES => "28"
LOGNAME => "nguyenbinh"
MAIL => "/var/spool/mail/nguyenbinh"
MOZ_PLUGIN_PATH => "/usr/lib/mozilla/plugins"
PATH => "/usr/local/sbin:/usr/local/bin:/usr/bin:/usr/bin/vendor_perl:/usr/bin/core_perl:/home/nguyenbinh/.gem/ruby/2.0.0/bin/"
PWD => "/home/nguyenbinh/Desktop/blog"
SESSION_MANAGER => "local/CIA:@/tmp/.ICE-unix/391,unix/CIA:/tmp/.ICE-unix/391"
SHELL => "/bin/bash"
SHLVL => "6"
SSH_AGENT_PID => "418"
SSH_AUTH_SOCK => "/tmp/gpg-lWJtAf/S.gpg-agent.ssh"
TERM => "screen"
TMUX => "/tmp/tmux-1000/default,849,0"
TMUX_PANE => "%1"
USER => "nguyenbinh"
WINDOWID => "65011716"
WINDOWPATH => "1"
XAUTHORITY => "/home/nguyenbinh/.Xauthority"
XDG_CONFIG_DIRS => "/etc/xdg"
XDG_DATA_DIRS => "/usr/local/share:/usr/share"
XDG_MENU_PREFIX => "xfce-"
XDG_RUNTIME_DIR => "/run/user/1000"
XDG_SEAT => "seat0"
XDG_SESSION_ID => "1"
XDG_VTNR => "1"
_ => "/home/nguyenbinh/.gem/ruby/2.0.0/bin/guard"

===== LOAD PATHS:

  0. /home/nguyenbinh/.gem/ruby/2.0.0/gems/thor-0.18.1/lib
  1. /home/nguyenbinh/.gem/ruby/2.0.0/gems/rb-fsevent-0.9.3/lib
  2. /home/nguyenbinh/.gem/ruby/2.0.0/gems/ffi-1.9.0/lib
  3. /home/nguyenbinh/.gem/ruby/2.0.0/gems/ffi-1.9.0/ext/ffi_c
  4. /home/nguyenbinh/.gem/ruby/2.0.0/gems/rb-inotify-0.9.1/lib
  5. /home/nguyenbinh/.gem/ruby/2.0.0/gems/rb-kqueue-0.2.0/lib
  6. /home/nguyenbinh/.gem/ruby/2.0.0/gems/listen-1.2.3/lib
  7. /home/nguyenbinh/.gem/ruby/2.0.0/gems/coderay-1.0.9/lib
  8. /home/nguyenbinh/.gem/ruby/2.0.0/gems/slop-3.4.6/lib
  9. /home/nguyenbinh/.gem/ruby/2.0.0/gems/method_source-0.8.2/lib
  10. /home/nguyenbinh/.gem/ruby/2.0.0/gems/pry-0.9.12.2/lib
  11. /home/nguyenbinh/.gem/ruby/2.0.0/gems/lumberjack-1.0.4/lib
  12. /home/nguyenbinh/.gem/ruby/2.0.0/gems/formatador-0.2.4/lib
  13. /home/nguyenbinh/.gem/ruby/2.0.0/gems/guard-1.8.2/lib
  14. /home/nguyenbinh/.gem/ruby/2.0.0/gems/colored-1.2/lib
  15. /home/nguyenbinh/.gem/ruby/2.0.0/gems/cri-2.3.0/lib
  16. /home/nguyenbinh/.gem/ruby/2.0.0/gems/nanoc-3.6.4/lib
  17. /home/nguyenbinh/.gem/ruby/2.0.0/gems/guard-nanoc-1.0.1/lib
  18. /home/nguyenbinh/.gem/ruby/2.0.0/gems/tilt-1.3.7/lib
  19. /home/nguyenbinh/.gem/ruby/2.0.0/gems/haml-4.0.3/lib
  20. /usr/lib/ruby/site_ruby/2.0.0
  21. /usr/lib/ruby/site_ruby/2.0.0/x86_64-linux
  22. /usr/lib/ruby/site_ruby
  23. /usr/lib/ruby/vendor_ruby/2.0.0
  24. /usr/lib/ruby/vendor_ruby/2.0.0/x86_64-linux
  25. /usr/lib/ruby/vendor_ruby
  26. /usr/lib/ruby/2.0.0
  27. /usr/lib/ruby/2.0.0/x86_64-linux
